PLINK v2.0.0-a.7LM AVX2 Intel (11 Mar 2026)
Options in effect:
  --hwe 1e-6 0 keep-fewhet
  --keep qc/controls.keep
  --out qc/controls_hwe_pass
  --pfile qc/mbv.qc1
  --write-snplist

Hostname: srv16
Working directory: /dbdata/cdb/gwas-pgs-prs/mbv-prs
Start time: Sun May 10 20:54:48 2026

Random number seed: 1778460888
515432 MiB RAM detected, ~449041 available; reserving 257716 MiB for main
workspace.
Using up to 32 threads (change this with --threads).
119 samples (0 females, 0 males, 119 ambiguous; 119 founders) loaded from
qc/mbv.qc1.psam.
6639276 variants loaded from qc/mbv.qc1.pvar.
Note: No phenotype data present.
--keep: 40 samples remaining.
40 samples (0 females, 0 males, 40 ambiguous; 40 founders) remaining after main
filters.
Calculating allele frequencies... done.
--hwe keep-fewhet: 0 variants removed due to Hardy-Weinberg exact test
(founders only).
6639276 variants remaining after main filters.
--write-snplist: Variant IDs written to qc/controls_hwe_pass.snplist .

End time: Sun May 10 20:54:49 2026
