PLINK v2.0.0-a.7LM AVX2 Intel (11 Mar 2026)
Options in effect:
  --make-pgen
  --mind 0.02
  --out qc/mbv.qc1
  --pfile qc/mbv.varqc

Hostname: srv16
Working directory: /dbdata/cdb/gwas-pgs-prs/mbv-prs
Start time: Sun May 10 20:54:44 2026

Random number seed: 1778460884
515432 MiB RAM detected, ~449328 available; reserving 257716 MiB for main
workspace.
Using up to 32 threads (change this with --threads).
119 samples (0 females, 0 males, 119 ambiguous; 119 founders) loaded from
qc/mbv.varqc.psam.
6639276 variants loaded from qc/mbv.varqc.pvar.
Note: No phenotype data present.
Calculating sample missingness rates... done.
0 samples removed due to missing genotype data (--mind).
119 samples (0 females, 0 males, 119 ambiguous; 119 founders) remaining after
main filters.
Writing qc/mbv.qc1.psam ... done.
Writing qc/mbv.qc1.pvar ... done.
Writing qc/mbv.qc1.pgen ... done.

End time: Sun May 10 20:54:48 2026
